
[1m╔══════════════════════════════════════════════════════╗[0m
[1m║           SpecHub Batch Publisher                    ║[0m
[1m╚══════════════════════════════════════════════════════╝[0m

[0;36m  ℹ [0m Root      : /Users/pedrodelgallego/projects/spec-driven/spec-vault/harnesses
[0;36m  ℹ [0m Log file  : /Users/pedrodelgallego/projects/spec-driven/spec-vault/harnesses/publisher/logs/publish_20260407_222556.log

[0;36m  ℹ [0m Found 14 spec(s) to process

[2m────────────────────────────────────────────────────────[0m
[1m  api-logging[0m
  [2m/Users/pedrodelgallego/projects/spec-driven/spec-vault/harnesses/api-logging[0m

[0;36m  ℹ [0m Pushing ...
spechub v0.0.2
Pushed pedro-delgallego/api-logging:0.0.2 (sha256:ec1a050ef71f214b4c66febccaab48a3fa569bf3876ec9639e657d94cd9af8ae)
Changelog: attached
[0;32m  ✔ [0m api-logging: pushed successfully
       [2mPushed pedro-delgallego/api-logging:0.0.2 (sha256:ec1a050ef71f214b4c66febccaab48a3fa569bf3876ec9639e657d94cd9af8ae)[0m
       [2mChangelog: attached[0m

[2m────────────────────────────────────────────────────────[0m
[1m  api-rest-design[0m
  [2m/Users/pedrodelgallego/projects/spec-driven/spec-vault/harnesses/api-rest-design[0m

[0;36m  ℹ [0m Pushing ...
spechub v0.0.2
Pushed pedro-delgallego/api-rest-design:0.0.2 (sha256:e85ed1eac1ad8194e3941bd8716cfcccd91bdaf7ebd655904d409b786be29413)
Changelog: attached
[0;32m  ✔ [0m api-rest-design: pushed successfully
       [2mPushed pedro-delgallego/api-rest-design:0.0.2 (sha256:e85ed1eac1ad8194e3941bd8716cfcccd91bdaf7ebd655904d409b786be29413)[0m
       [2mChangelog: attached[0m

[2m────────────────────────────────────────────────────────[0m
[1m  api-rest-resilience[0m
  [2m/Users/pedrodelgallego/projects/spec-driven/spec-vault/harnesses/api-rest-resilience[0m

[0;36m  ℹ [0m Pushing ...
spechub v0.0.2
Pushed pedro-delgallego/api-rest-resilience:0.0.2 (sha256:468eacd045a34921c508130ea10e8c2d0b48ecab3d6dc3b8160188b28a6ee154)
Changelog: attached
[0;32m  ✔ [0m api-rest-resilience: pushed successfully
       [2mPushed pedro-delgallego/api-rest-resilience:0.0.2 (sha256:468eacd045a34921c508130ea10e8c2d0b48ecab3d6dc3b8160188b28a6ee154)[0m
       [2mChangelog: attached[0m

[2m────────────────────────────────────────────────────────[0m
[1m  api-security[0m
  [2m/Users/pedrodelgallego/projects/spec-driven/spec-vault/harnesses/api-security[0m

[0;36m  ℹ [0m Pushing ...
spechub v0.0.2
Pushed pedro-delgallego/api-security:0.0.2 (sha256:1f2dbd749ef3f5ed4771aceee26dd561923cfd05a270c220bc316020acc914d2)
Changelog: attached
[0;32m  ✔ [0m api-security: pushed successfully
       [2mPushed pedro-delgallego/api-security:0.0.2 (sha256:1f2dbd749ef3f5ed4771aceee26dd561923cfd05a270c220bc316020acc914d2)[0m
       [2mChangelog: attached[0m

[2m────────────────────────────────────────────────────────[0m
[1m  api-security-headers[0m
  [2m/Users/pedrodelgallego/projects/spec-driven/spec-vault/harnesses/api-security-headers[0m

[0;36m  ℹ [0m Pushing ...
spechub v0.0.2
Pushed pedro-delgallego/api-security-headers:0.0.2 (sha256:19a197636ac2acc3afd2c742b888122a2a23e28866c3c22db6236c01cec6f373)
Changelog: attached
[0;32m  ✔ [0m api-security-headers: pushed successfully
       [2mPushed pedro-delgallego/api-security-headers:0.0.2 (sha256:19a197636ac2acc3afd2c742b888122a2a23e28866c3c22db6236c01cec6f373)[0m
       [2mChangelog: attached[0m

[2m────────────────────────────────────────────────────────[0m
[1m  api-telemetry[0m
  [2m/Users/pedrodelgallego/projects/spec-driven/spec-vault/harnesses/api-telemetry[0m

[0;36m  ℹ [0m Pushing ...
spechub v0.0.2
Pushed pedro-delgallego/api-telemetry:0.0.2 (sha256:f5e021cd2c7ac77c3699d2282cdeb9853da93da2348cf714e2b540726c46a22b)
Changelog: attached
[0;32m  ✔ [0m api-telemetry: pushed successfully
       [2mPushed pedro-delgallego/api-telemetry:0.0.2 (sha256:f5e021cd2c7ac77c3699d2282cdeb9853da93da2348cf714e2b540726c46a22b)[0m
       [2mChangelog: attached[0m

[2m────────────────────────────────────────────────────────[0m
[1m  api-testing[0m
  [2m/Users/pedrodelgallego/projects/spec-driven/spec-vault/harnesses/api-testing[0m

[0;36m  ℹ [0m Pushing ...
spechub v0.0.2
Pushed pedro-delgallego/api-testing:0.0.2 (sha256:0ce13d1076b715c37486ab1eb252b005e79e326b684568515eb687b85f66bea6)
Changelog: attached
[0;32m  ✔ [0m api-testing: pushed successfully
       [2mPushed pedro-delgallego/api-testing:0.0.2 (sha256:0ce13d1076b715c37486ab1eb252b005e79e326b684568515eb687b85f66bea6)[0m
       [2mChangelog: attached[0m

[2m────────────────────────────────────────────────────────[0m
[1m  api-versioning[0m
  [2m/Users/pedrodelgallego/projects/spec-driven/spec-vault/harnesses/api-versioning[0m

[0;36m  ℹ [0m Pushing ...
spechub v0.0.2
Pushed pedro-delgallego/api-versioning:0.0.2 (sha256:270beb40f5fe85b1cdcf8bc796cf5fe8e510b50eadb523d7dff47c66710715dd)
Changelog: attached
[0;32m  ✔ [0m api-versioning: pushed successfully
       [2mPushed pedro-delgallego/api-versioning:0.0.2 (sha256:270beb40f5fe85b1cdcf8bc796cf5fe8e510b50eadb523d7dff47c66710715dd)[0m
       [2mChangelog: attached[0m

[2m────────────────────────────────────────────────────────[0m
[1m  fastify-api-blueprint[0m
  [2m/Users/pedrodelgallego/projects/spec-driven/spec-vault/harnesses/fastify-api-blueprint[0m

[0;36m  ℹ [0m Pushing ...
spechub v0.0.2
Pushed pedro-delgallego/fastify-api-blueprint:0.0.2 (sha256:fbd627e5e2347860a07969b9eb08bb7c721c7b54dbddfb2a4712d8df26eaafa1)
Changelog: attached
[0;32m  ✔ [0m fastify-api-blueprint: pushed successfully
       [2mPushed pedro-delgallego/fastify-api-blueprint:0.0.2 (sha256:fbd627e5e2347860a07969b9eb08bb7c721c7b54dbddfb2a4712d8df26eaafa1)[0m
       [2mChangelog: attached[0m

[2m────────────────────────────────────────────────────────[0m
[1m  go-api-blueprint[0m
  [2m/Users/pedrodelgallego/projects/spec-driven/spec-vault/harnesses/go-api-blueprint[0m

[0;36m  ℹ [0m Pushing ...
spechub v0.0.2
Pushed pedro-delgallego/go-api-blueprint:0.1.0 (sha256:8f497b7990767600029e87adc1841275ee95bb5cc19ba2d72a0442cdc486375f)
Changelog: attached
[0;32m  ✔ [0m go-api-blueprint: pushed successfully
       [2mPushed pedro-delgallego/go-api-blueprint:0.1.0 (sha256:8f497b7990767600029e87adc1841275ee95bb5cc19ba2d72a0442cdc486375f)[0m
       [2mChangelog: attached[0m

[2m────────────────────────────────────────────────────────[0m
[1m  kotlin-api-blueprint[0m
  [2m/Users/pedrodelgallego/projects/spec-driven/spec-vault/harnesses/kotlin-api-blueprint[0m

[0;36m  ℹ [0m Pushing ...
spechub v0.0.2
Pushed pedro-delgallego/kotlin-api-blueprint:0.1.0 (sha256:b03ed468fa331a9f187578f73899915a9cd2428e896e3d5f64daaaffb2ea88b0)
Changelog: attached
[0;32m  ✔ [0m kotlin-api-blueprint: pushed successfully
       [2mPushed pedro-delgallego/kotlin-api-blueprint:0.1.0 (sha256:b03ed468fa331a9f187578f73899915a9cd2428e896e3d5f64daaaffb2ea88b0)[0m
       [2mChangelog: attached[0m

[2m────────────────────────────────────────────────────────[0m
[1m  python-api-blueprint[0m
  [2m/Users/pedrodelgallego/projects/spec-driven/spec-vault/harnesses/python-api-blueprint[0m

[0;36m  ℹ [0m Pushing ...
spechub v0.0.2
Pushed pedro-delgallego/python-api-blueprint:0.1.0 (sha256:ab511f3170eae80cf689db989b6e535bf7778986b8b585a40a00203fc422be43)
Changelog: attached
[0;32m  ✔ [0m python-api-blueprint: pushed successfully
       [2mPushed pedro-delgallego/python-api-blueprint:0.1.0 (sha256:ab511f3170eae80cf689db989b6e535bf7778986b8b585a40a00203fc422be43)[0m
       [2mChangelog: attached[0m

[2m────────────────────────────────────────────────────────[0m
[1m  rust-api-blueprint[0m
  [2m/Users/pedrodelgallego/projects/spec-driven/spec-vault/harnesses/rust-api-blueprint[0m

[0;36m  ℹ [0m Pushing ...
spechub v0.0.2
Pushed pedro-delgallego/rust-api-blueprint:0.1.0 (sha256:f0f26b21a617a32d1afaa77d40de03848ff8f9153c6c5029d61427f8efed9299)
Changelog: attached
[0;32m  ✔ [0m rust-api-blueprint: pushed successfully
       [2mPushed pedro-delgallego/rust-api-blueprint:0.1.0 (sha256:f0f26b21a617a32d1afaa77d40de03848ff8f9153c6c5029d61427f8efed9299)[0m
       [2mChangelog: attached[0m

[2m────────────────────────────────────────────────────────[0m
[1m  springboot-kotlin-api-blueprint[0m
  [2m/Users/pedrodelgallego/projects/spec-driven/spec-vault/harnesses/springboot-kotlin-api-blueprint[0m

[0;36m  ℹ [0m Pushing ...
spechub v0.0.2
Pushed pedro-delgallego/springboot-kotlin-api-blueprint:0.1.0 (sha256:3f8c9d52d8589de8fa8723f42250b6eea9644549017fe2a37f32b41264eb996a)
Changelog: attached
[0;32m  ✔ [0m springboot-kotlin-api-blueprint: pushed successfully
       [2mPushed pedro-delgallego/springboot-kotlin-api-blueprint:0.1.0 (sha256:3f8c9d52d8589de8fa8723f42250b6eea9644549017fe2a37f32b41264eb996a)[0m
       [2mChangelog: attached[0m

[2m────────────────────────────────────────────────────────[0m

[1m  Summary[0m

[0;32m  ✔ [0m Passed : 14

[0;36m  ℹ [0m Full log: /Users/pedrodelgallego/projects/spec-driven/spec-vault/harnesses/publisher/logs/publish_20260407_222556.log

