
[1m╔══════════════════════════════════════════════════════╗[0m
[1m║           SpecHub Batch Publisher                    ║[0m
[1m╚══════════════════════════════════════════════════════╝[0m

[0;36m  ℹ [0m Root      : /Users/pedrodelgallego/projects/spec-driven/spec-vault/harnesses
[0;36m  ℹ [0m Log file  : /Users/pedrodelgallego/projects/spec-driven/spec-vault/harnesses/publisher/logs/publish_20260413_011114.log

[0;36m  ℹ [0m Found 14 spec(s) to process

[2m────────────────────────────────────────────────────────[0m
[1m  api-logging[0m
  [2m/Users/pedrodelgallego/projects/spec-driven/spec-vault/harnesses/api-logging[0m

[0;36m  ℹ [0m Validating ...
[0;32m  ✔ [0m api-logging: validation passed
[0;36m  ℹ [0m Pushing ...
spechub v0.0.2
spec.yaml is valid
spechub v0.0.2
Pushed pedro-delgallego/api-logging:0.0.2 (sha256:315c35508a2ccf95e0c6e6da509dd1ac2a4eb6b6b26db8bd59504efd374666b6)
Changelog: attached
[0;32m  ✔ [0m api-logging: pushed successfully
       [2mPushed pedro-delgallego/api-logging:0.0.2 (sha256:315c35508a2ccf95e0c6e6da509dd1ac2a4eb6b6b26db8bd59504efd374666b6)[0m
       [2mChangelog: attached[0m

[2m────────────────────────────────────────────────────────[0m
[1m  api-rest-design[0m
  [2m/Users/pedrodelgallego/projects/spec-driven/spec-vault/harnesses/api-rest-design[0m

[0;36m  ℹ [0m Validating ...
[0;32m  ✔ [0m api-rest-design: validation passed
[0;36m  ℹ [0m Pushing ...
spechub v0.0.2
spec.yaml is valid
spechub v0.0.2
Pushed pedro-delgallego/api-rest-design:0.0.2 (sha256:fb1d8607e6cff6b20b6ee1f6a26b76c5020fd5b61e5f16248256e6512e03a574)
Changelog: attached
[0;32m  ✔ [0m api-rest-design: pushed successfully
       [2mPushed pedro-delgallego/api-rest-design:0.0.2 (sha256:fb1d8607e6cff6b20b6ee1f6a26b76c5020fd5b61e5f16248256e6512e03a574)[0m
       [2mChangelog: attached[0m

[2m────────────────────────────────────────────────────────[0m
[1m  api-rest-resilience[0m
  [2m/Users/pedrodelgallego/projects/spec-driven/spec-vault/harnesses/api-rest-resilience[0m

[0;36m  ℹ [0m Validating ...
[0;32m  ✔ [0m api-rest-resilience: validation passed
[0;36m  ℹ [0m Pushing ...
spechub v0.0.2
spec.yaml is valid
spechub v0.0.2
Pushed pedro-delgallego/api-rest-resilience:0.0.2 (sha256:0514bf1059a3ec4d846a20d46811ef2820195a1c01000b345d159c7f393a41da)
Changelog: attached
[0;32m  ✔ [0m api-rest-resilience: pushed successfully
       [2mPushed pedro-delgallego/api-rest-resilience:0.0.2 (sha256:0514bf1059a3ec4d846a20d46811ef2820195a1c01000b345d159c7f393a41da)[0m
       [2mChangelog: attached[0m

[2m────────────────────────────────────────────────────────[0m
[1m  api-security[0m
  [2m/Users/pedrodelgallego/projects/spec-driven/spec-vault/harnesses/api-security[0m

[0;36m  ℹ [0m Validating ...
[0;32m  ✔ [0m api-security: validation passed
[0;36m  ℹ [0m Pushing ...
spechub v0.0.2
spec.yaml is valid
spechub v0.0.2
Pushed pedro-delgallego/api-security:0.0.2 (sha256:ae59a0612e9d2b1423b88a53b59bdcd89a0662a37087bf9d65fc8a5f71983618)
Changelog: attached
[0;32m  ✔ [0m api-security: pushed successfully
       [2mPushed pedro-delgallego/api-security:0.0.2 (sha256:ae59a0612e9d2b1423b88a53b59bdcd89a0662a37087bf9d65fc8a5f71983618)[0m
       [2mChangelog: attached[0m

[2m────────────────────────────────────────────────────────[0m
[1m  api-security-headers[0m
  [2m/Users/pedrodelgallego/projects/spec-driven/spec-vault/harnesses/api-security-headers[0m

[0;36m  ℹ [0m Validating ...
[0;32m  ✔ [0m api-security-headers: validation passed
[0;36m  ℹ [0m Pushing ...
spechub v0.0.2
spec.yaml is valid
spechub v0.0.2
Pushed pedro-delgallego/api-security-headers:0.0.2 (sha256:a71f4f02f1ef64e11a1219cdaf5783cc50e3c24402d960ed03bd8b10fa0fb609)
Changelog: attached
[0;32m  ✔ [0m api-security-headers: pushed successfully
       [2mPushed pedro-delgallego/api-security-headers:0.0.2 (sha256:a71f4f02f1ef64e11a1219cdaf5783cc50e3c24402d960ed03bd8b10fa0fb609)[0m
       [2mChangelog: attached[0m

[2m────────────────────────────────────────────────────────[0m
[1m  api-telemetry[0m
  [2m/Users/pedrodelgallego/projects/spec-driven/spec-vault/harnesses/api-telemetry[0m

[0;36m  ℹ [0m Validating ...
[0;32m  ✔ [0m api-telemetry: validation passed
[0;36m  ℹ [0m Pushing ...
spechub v0.0.2
spec.yaml is valid
spechub v0.0.2
Pushed pedro-delgallego/api-telemetry:0.0.2 (sha256:2dd913a783b355cc557f0a71b7bb85dab4a311db0755de15dc02774ca37c06c0)
Changelog: attached
[0;32m  ✔ [0m api-telemetry: pushed successfully
       [2mPushed pedro-delgallego/api-telemetry:0.0.2 (sha256:2dd913a783b355cc557f0a71b7bb85dab4a311db0755de15dc02774ca37c06c0)[0m
       [2mChangelog: attached[0m

[2m────────────────────────────────────────────────────────[0m
[1m  api-testing[0m
  [2m/Users/pedrodelgallego/projects/spec-driven/spec-vault/harnesses/api-testing[0m

[0;36m  ℹ [0m Validating ...
[0;32m  ✔ [0m api-testing: validation passed
[0;36m  ℹ [0m Pushing ...
spechub v0.0.2
spec.yaml is valid
spechub v0.0.2
Pushed pedro-delgallego/api-testing:0.0.2 (sha256:8f10e4bc5daf9dcf5eab33a33f7e4ac929d6cd14e503c16e984498309e9f07e9)
Changelog: attached
[0;32m  ✔ [0m api-testing: pushed successfully
       [2mPushed pedro-delgallego/api-testing:0.0.2 (sha256:8f10e4bc5daf9dcf5eab33a33f7e4ac929d6cd14e503c16e984498309e9f07e9)[0m
       [2mChangelog: attached[0m

[2m────────────────────────────────────────────────────────[0m
[1m  api-versioning[0m
  [2m/Users/pedrodelgallego/projects/spec-driven/spec-vault/harnesses/api-versioning[0m

[0;36m  ℹ [0m Validating ...
[0;32m  ✔ [0m api-versioning: validation passed
[0;36m  ℹ [0m Pushing ...
spechub v0.0.2
spec.yaml is valid
spechub v0.0.2
Pushed pedro-delgallego/api-versioning:0.0.2 (sha256:77743703bfe56e80710fa7616bca0d97b6967672375c7c3679eb9d265cfd25c4)
Changelog: attached
[0;32m  ✔ [0m api-versioning: pushed successfully
       [2mPushed pedro-delgallego/api-versioning:0.0.2 (sha256:77743703bfe56e80710fa7616bca0d97b6967672375c7c3679eb9d265cfd25c4)[0m
       [2mChangelog: attached[0m

[2m────────────────────────────────────────────────────────[0m
[1m  fastify-api-blueprint[0m
  [2m/Users/pedrodelgallego/projects/spec-driven/spec-vault/harnesses/fastify-api-blueprint[0m

[0;36m  ℹ [0m Validating ...
[0;32m  ✔ [0m fastify-api-blueprint: validation passed
[0;36m  ℹ [0m Pushing ...
spechub v0.0.2
spec.yaml is valid
spechub v0.0.2
Pushed pedro-delgallego/fastify-api-blueprint:0.0.3 (sha256:9c15106d1e5922cf904933b2f6b7980a819b6870ae2857a3cf0d651d1f05d023)
Changelog: attached
[0;32m  ✔ [0m fastify-api-blueprint: pushed successfully
       [2mPushed pedro-delgallego/fastify-api-blueprint:0.0.3 (sha256:9c15106d1e5922cf904933b2f6b7980a819b6870ae2857a3cf0d651d1f05d023)[0m
       [2mChangelog: attached[0m

[2m────────────────────────────────────────────────────────[0m
[1m  go-api-blueprint[0m
  [2m/Users/pedrodelgallego/projects/spec-driven/spec-vault/harnesses/go-api-blueprint[0m

[0;36m  ℹ [0m Validating ...
[0;32m  ✔ [0m go-api-blueprint: validation passed
[0;36m  ℹ [0m Pushing ...
spechub v0.0.2
spec.yaml is valid
spechub v0.0.2
Pushed pedro-delgallego/go-api-blueprint:0.1.1 (sha256:751ddaeaae500be040ff07609725a34f86516d11340211bce8d74009612a5c7b)
Changelog: attached
[0;32m  ✔ [0m go-api-blueprint: pushed successfully
       [2mPushed pedro-delgallego/go-api-blueprint:0.1.1 (sha256:751ddaeaae500be040ff07609725a34f86516d11340211bce8d74009612a5c7b)[0m
       [2mChangelog: attached[0m

[2m────────────────────────────────────────────────────────[0m
[1m  kotlin-api-blueprint[0m
  [2m/Users/pedrodelgallego/projects/spec-driven/spec-vault/harnesses/kotlin-api-blueprint[0m

[0;36m  ℹ [0m Validating ...
[0;32m  ✔ [0m kotlin-api-blueprint: validation passed
[0;36m  ℹ [0m Pushing ...
spechub v0.0.2
spec.yaml is valid
spechub v0.0.2
Pushed pedro-delgallego/kotlin-api-blueprint:0.1.1 (sha256:89a4e573eea9490d8a255d3f2e3a0e7ae47da4ba0ec3a249d750298720ae0dac)
Changelog: attached
[0;32m  ✔ [0m kotlin-api-blueprint: pushed successfully
       [2mPushed pedro-delgallego/kotlin-api-blueprint:0.1.1 (sha256:89a4e573eea9490d8a255d3f2e3a0e7ae47da4ba0ec3a249d750298720ae0dac)[0m
       [2mChangelog: attached[0m

[2m────────────────────────────────────────────────────────[0m
[1m  python-api-blueprint[0m
  [2m/Users/pedrodelgallego/projects/spec-driven/spec-vault/harnesses/python-api-blueprint[0m

[0;36m  ℹ [0m Validating ...
[0;32m  ✔ [0m python-api-blueprint: validation passed
[0;36m  ℹ [0m Pushing ...
spechub v0.0.2
spec.yaml is valid
spechub v0.0.2
Pushed pedro-delgallego/python-api-blueprint:0.1.1 (sha256:c5632d331b9b01c4d359f5f9bcf54eb7b42f7e0a9cb90fa4fc79685bb3f57763)
Changelog: attached
[0;32m  ✔ [0m python-api-blueprint: pushed successfully
       [2mPushed pedro-delgallego/python-api-blueprint:0.1.1 (sha256:c5632d331b9b01c4d359f5f9bcf54eb7b42f7e0a9cb90fa4fc79685bb3f57763)[0m
       [2mChangelog: attached[0m

[2m────────────────────────────────────────────────────────[0m
[1m  rust-api-blueprint[0m
  [2m/Users/pedrodelgallego/projects/spec-driven/spec-vault/harnesses/rust-api-blueprint[0m

[0;36m  ℹ [0m Validating ...
[0;32m  ✔ [0m rust-api-blueprint: validation passed
[0;36m  ℹ [0m Pushing ...
spechub v0.0.2
spec.yaml is valid
spechub v0.0.2
Pushed pedro-delgallego/rust-api-blueprint:0.1.1 (sha256:8c0e07bac515871340f5314c9b595d9333818fcb05170f85627e9452eed4111e)
Changelog: attached
[0;32m  ✔ [0m rust-api-blueprint: pushed successfully
       [2mPushed pedro-delgallego/rust-api-blueprint:0.1.1 (sha256:8c0e07bac515871340f5314c9b595d9333818fcb05170f85627e9452eed4111e)[0m
       [2mChangelog: attached[0m

[2m────────────────────────────────────────────────────────[0m
[1m  springboot-kotlin-api-blueprint[0m
  [2m/Users/pedrodelgallego/projects/spec-driven/spec-vault/harnesses/springboot-kotlin-api-blueprint[0m

[0;36m  ℹ [0m Validating ...
[0;32m  ✔ [0m springboot-kotlin-api-blueprint: validation passed
[0;36m  ℹ [0m Pushing ...
spechub v0.0.2
spec.yaml is valid
spechub v0.0.2
Pushed pedro-delgallego/springboot-kotlin-api-blueprint:0.1.1 (sha256:ea97670621d07463f7653db60870198cac35fd9f79c87c3014481c68eceffa52)
Changelog: attached
[0;32m  ✔ [0m springboot-kotlin-api-blueprint: pushed successfully
       [2mPushed pedro-delgallego/springboot-kotlin-api-blueprint:0.1.1 (sha256:ea97670621d07463f7653db60870198cac35fd9f79c87c3014481c68eceffa52)[0m
       [2mChangelog: attached[0m

[2m────────────────────────────────────────────────────────[0m

[1m  Summary[0m

[0;32m  ✔ [0m Passed : 14

[0;36m  ℹ [0m Full log: /Users/pedrodelgallego/projects/spec-driven/spec-vault/harnesses/publisher/logs/publish_20260413_011114.log

