
[1m╔══════════════════════════════════════════════════════╗[0m
[1m║           SpecHub Batch Publisher                    ║[0m
[1m╚══════════════════════════════════════════════════════╝[0m

[0;36m  ℹ [0m Root      : /Users/pedrodelgallego/projects/spec-driven/spec-vault/harnesses
[0;36m  ℹ [0m Log file  : /Users/pedrodelgallego/projects/spec-driven/spec-vault/harnesses/publisher/logs/publish_20260407_232239.log

[0;36m  ℹ [0m Found 14 spec(s) to process

[2m────────────────────────────────────────────────────────[0m
[1m  api-logging[0m
  [2m/Users/pedrodelgallego/projects/spec-driven/spec-vault/harnesses/api-logging[0m

[0;36m  ℹ [0m Validating ...
[0;32m  ✔ [0m api-logging: validation passed
[0;36m  ℹ [0m Pushing ...
spechub v0.0.2
spec.yaml is valid
spechub v0.0.2
Pushed pedro-delgallego/api-logging:0.0.2 (sha256:c37c02280ca5824291e86efd25bb5ad27e12a8c373af4b05f8ff00e1461a462a)
Changelog: attached
[0;32m  ✔ [0m api-logging: pushed successfully
       [2mPushed pedro-delgallego/api-logging:0.0.2 (sha256:c37c02280ca5824291e86efd25bb5ad27e12a8c373af4b05f8ff00e1461a462a)[0m
       [2mChangelog: attached[0m

[2m────────────────────────────────────────────────────────[0m
[1m  api-rest-design[0m
  [2m/Users/pedrodelgallego/projects/spec-driven/spec-vault/harnesses/api-rest-design[0m

[0;36m  ℹ [0m Validating ...
[0;32m  ✔ [0m api-rest-design: validation passed
[0;36m  ℹ [0m Pushing ...
spechub v0.0.2
spec.yaml is valid
spechub v0.0.2
Pushed pedro-delgallego/api-rest-design:0.0.2 (sha256:178f1bd1299e5b5500076265ca04f928c4260446fb0c3d118348549014f4727a)
Changelog: attached
[0;32m  ✔ [0m api-rest-design: pushed successfully
       [2mPushed pedro-delgallego/api-rest-design:0.0.2 (sha256:178f1bd1299e5b5500076265ca04f928c4260446fb0c3d118348549014f4727a)[0m
       [2mChangelog: attached[0m

[2m────────────────────────────────────────────────────────[0m
[1m  api-rest-resilience[0m
  [2m/Users/pedrodelgallego/projects/spec-driven/spec-vault/harnesses/api-rest-resilience[0m

[0;36m  ℹ [0m Validating ...
[0;32m  ✔ [0m api-rest-resilience: validation passed
[0;36m  ℹ [0m Pushing ...
spechub v0.0.2
spec.yaml is valid
spechub v0.0.2
Pushed pedro-delgallego/api-rest-resilience:0.0.2 (sha256:77566ac9fdff5226214bfe112fa08cc64730e54f73909c9673b22e0b99b5c2ae)
Changelog: attached
[0;32m  ✔ [0m api-rest-resilience: pushed successfully
       [2mPushed pedro-delgallego/api-rest-resilience:0.0.2 (sha256:77566ac9fdff5226214bfe112fa08cc64730e54f73909c9673b22e0b99b5c2ae)[0m
       [2mChangelog: attached[0m

[2m────────────────────────────────────────────────────────[0m
[1m  api-security[0m
  [2m/Users/pedrodelgallego/projects/spec-driven/spec-vault/harnesses/api-security[0m

[0;36m  ℹ [0m Validating ...
[0;32m  ✔ [0m api-security: validation passed
[0;36m  ℹ [0m Pushing ...
spechub v0.0.2
spec.yaml is valid
spechub v0.0.2
Pushed pedro-delgallego/api-security:0.0.2 (sha256:dcdb66c70feaa5ce42d3ab3ca9553839593f48b1483d7ac5b3e29dc58be6546d)
Changelog: attached
[0;32m  ✔ [0m api-security: pushed successfully
       [2mPushed pedro-delgallego/api-security:0.0.2 (sha256:dcdb66c70feaa5ce42d3ab3ca9553839593f48b1483d7ac5b3e29dc58be6546d)[0m
       [2mChangelog: attached[0m

[2m────────────────────────────────────────────────────────[0m
[1m  api-security-headers[0m
  [2m/Users/pedrodelgallego/projects/spec-driven/spec-vault/harnesses/api-security-headers[0m

[0;36m  ℹ [0m Validating ...
[0;32m  ✔ [0m api-security-headers: validation passed
[0;36m  ℹ [0m Pushing ...
spechub v0.0.2
spec.yaml is valid
spechub v0.0.2
Pushed pedro-delgallego/api-security-headers:0.0.2 (sha256:948f509f1601d504c2755d9e43288b4c222bc0b8515e7cfb9c81db1247df401f)
Changelog: attached
[0;32m  ✔ [0m api-security-headers: pushed successfully
       [2mPushed pedro-delgallego/api-security-headers:0.0.2 (sha256:948f509f1601d504c2755d9e43288b4c222bc0b8515e7cfb9c81db1247df401f)[0m
       [2mChangelog: attached[0m

[2m────────────────────────────────────────────────────────[0m
[1m  api-telemetry[0m
  [2m/Users/pedrodelgallego/projects/spec-driven/spec-vault/harnesses/api-telemetry[0m

[0;36m  ℹ [0m Validating ...
[0;32m  ✔ [0m api-telemetry: validation passed
[0;36m  ℹ [0m Pushing ...
spechub v0.0.2
spec.yaml is valid
spechub v0.0.2
Pushed pedro-delgallego/api-telemetry:0.0.2 (sha256:ff960d94567396bbd00d4d0d300d3b2f1c33084db9b1ca5883954c8c73f2a058)
Changelog: attached
[0;32m  ✔ [0m api-telemetry: pushed successfully
       [2mPushed pedro-delgallego/api-telemetry:0.0.2 (sha256:ff960d94567396bbd00d4d0d300d3b2f1c33084db9b1ca5883954c8c73f2a058)[0m
       [2mChangelog: attached[0m

[2m────────────────────────────────────────────────────────[0m
[1m  api-testing[0m
  [2m/Users/pedrodelgallego/projects/spec-driven/spec-vault/harnesses/api-testing[0m

[0;36m  ℹ [0m Validating ...
[0;32m  ✔ [0m api-testing: validation passed
[0;36m  ℹ [0m Pushing ...
spechub v0.0.2
spec.yaml is valid
spechub v0.0.2
Pushed pedro-delgallego/api-testing:0.0.2 (sha256:8bca6d65e7ab38da059e80d4a1b04dea3c0e59c73d40879e8eda5a09a04b040e)
Changelog: attached
[0;32m  ✔ [0m api-testing: pushed successfully
       [2mPushed pedro-delgallego/api-testing:0.0.2 (sha256:8bca6d65e7ab38da059e80d4a1b04dea3c0e59c73d40879e8eda5a09a04b040e)[0m
       [2mChangelog: attached[0m

[2m────────────────────────────────────────────────────────[0m
[1m  api-versioning[0m
  [2m/Users/pedrodelgallego/projects/spec-driven/spec-vault/harnesses/api-versioning[0m

[0;36m  ℹ [0m Validating ...
[0;32m  ✔ [0m api-versioning: validation passed
[0;36m  ℹ [0m Pushing ...
spechub v0.0.2
spec.yaml is valid
spechub v0.0.2
Pushed pedro-delgallego/api-versioning:0.0.2 (sha256:b4ea0e9f6af3fe29a1c8224c6b256c7c5a4eb6f81aa6ea61de78595372691c95)
Changelog: attached
[0;32m  ✔ [0m api-versioning: pushed successfully
       [2mPushed pedro-delgallego/api-versioning:0.0.2 (sha256:b4ea0e9f6af3fe29a1c8224c6b256c7c5a4eb6f81aa6ea61de78595372691c95)[0m
       [2mChangelog: attached[0m

[2m────────────────────────────────────────────────────────[0m
[1m  fastify-api-blueprint[0m
  [2m/Users/pedrodelgallego/projects/spec-driven/spec-vault/harnesses/fastify-api-blueprint[0m

[0;36m  ℹ [0m Validating ...
[0;32m  ✔ [0m fastify-api-blueprint: validation passed
[0;36m  ℹ [0m Pushing ...
spechub v0.0.2
spec.yaml is valid
spechub v0.0.2
Error: manifest push failed with status 500 [MANIFEST_ERROR]
[0;31m  ✖ [0m fastify-api-blueprint: push FAILED (exit 1)
[0;31m  ✖ [0m        Error: manifest push failed with status 500 [MANIFEST_ERROR]
[0;36m  ℹ [0m Full output: /Users/pedrodelgallego/projects/spec-driven/spec-vault/harnesses/publisher/logs/fastify-api-blueprint_20260407_232239.log

[2m────────────────────────────────────────────────────────[0m
[1m  go-api-blueprint[0m
  [2m/Users/pedrodelgallego/projects/spec-driven/spec-vault/harnesses/go-api-blueprint[0m

[0;36m  ℹ [0m Validating ...
[0;32m  ✔ [0m go-api-blueprint: validation passed
[0;36m  ℹ [0m Pushing ...
spechub v0.0.2
spec.yaml is valid
spechub v0.0.2
Error: manifest push failed with status 500 [MANIFEST_ERROR]
[0;31m  ✖ [0m go-api-blueprint: push FAILED (exit 1)
[0;31m  ✖ [0m        Error: manifest push failed with status 500 [MANIFEST_ERROR]
[0;36m  ℹ [0m Full output: /Users/pedrodelgallego/projects/spec-driven/spec-vault/harnesses/publisher/logs/go-api-blueprint_20260407_232239.log

[2m────────────────────────────────────────────────────────[0m
[1m  kotlin-api-blueprint[0m
  [2m/Users/pedrodelgallego/projects/spec-driven/spec-vault/harnesses/kotlin-api-blueprint[0m

[0;36m  ℹ [0m Validating ...
[0;32m  ✔ [0m kotlin-api-blueprint: validation passed
[0;36m  ℹ [0m Pushing ...
spechub v0.0.2
spec.yaml is valid
spechub v0.0.2
Error: manifest push failed with status 500 [MANIFEST_ERROR]
[0;31m  ✖ [0m kotlin-api-blueprint: push FAILED (exit 1)
[0;31m  ✖ [0m        Error: manifest push failed with status 500 [MANIFEST_ERROR]
[0;36m  ℹ [0m Full output: /Users/pedrodelgallego/projects/spec-driven/spec-vault/harnesses/publisher/logs/kotlin-api-blueprint_20260407_232239.log

[2m────────────────────────────────────────────────────────[0m
[1m  python-api-blueprint[0m
  [2m/Users/pedrodelgallego/projects/spec-driven/spec-vault/harnesses/python-api-blueprint[0m

[0;36m  ℹ [0m Validating ...
[0;32m  ✔ [0m python-api-blueprint: validation passed
[0;36m  ℹ [0m Pushing ...
spechub v0.0.2
spec.yaml is valid
spechub v0.0.2
Error: manifest push failed with status 500 [MANIFEST_ERROR]
[0;31m  ✖ [0m python-api-blueprint: push FAILED (exit 1)
[0;31m  ✖ [0m        Error: manifest push failed with status 500 [MANIFEST_ERROR]
[0;36m  ℹ [0m Full output: /Users/pedrodelgallego/projects/spec-driven/spec-vault/harnesses/publisher/logs/python-api-blueprint_20260407_232239.log

[2m────────────────────────────────────────────────────────[0m
[1m  rust-api-blueprint[0m
  [2m/Users/pedrodelgallego/projects/spec-driven/spec-vault/harnesses/rust-api-blueprint[0m

[0;36m  ℹ [0m Validating ...
[0;32m  ✔ [0m rust-api-blueprint: validation passed
[0;36m  ℹ [0m Pushing ...
spechub v0.0.2
spec.yaml is valid
spechub v0.0.2
Error: manifest push failed with status 500 [MANIFEST_ERROR]
[0;31m  ✖ [0m rust-api-blueprint: push FAILED (exit 1)
[0;31m  ✖ [0m        Error: manifest push failed with status 500 [MANIFEST_ERROR]
[0;36m  ℹ [0m Full output: /Users/pedrodelgallego/projects/spec-driven/spec-vault/harnesses/publisher/logs/rust-api-blueprint_20260407_232239.log

[2m────────────────────────────────────────────────────────[0m
[1m  springboot-kotlin-api-blueprint[0m
  [2m/Users/pedrodelgallego/projects/spec-driven/spec-vault/harnesses/springboot-kotlin-api-blueprint[0m

[0;36m  ℹ [0m Validating ...
[0;32m  ✔ [0m springboot-kotlin-api-blueprint: validation passed
[0;36m  ℹ [0m Pushing ...
spechub v0.0.2
spec.yaml is valid
spechub v0.0.2
Error: manifest push failed with status 500 [MANIFEST_ERROR]
[0;31m  ✖ [0m springboot-kotlin-api-blueprint: push FAILED (exit 1)
[0;31m  ✖ [0m        Error: manifest push failed with status 500 [MANIFEST_ERROR]
[0;36m  ℹ [0m Full output: /Users/pedrodelgallego/projects/spec-driven/spec-vault/harnesses/publisher/logs/springboot-kotlin-api-blueprint_20260407_232239.log

[2m────────────────────────────────────────────────────────[0m

[1m  Summary[0m

[0;32m  ✔ [0m Passed : 8
[0;31m  ✖ [0m Failed : 6

[0;31m  ✖ [0m Failed specs:
[0;31m  ✖ [0m   • fastify-api-blueprint
[0;31m  ✖ [0m   • go-api-blueprint
[0;31m  ✖ [0m   • kotlin-api-blueprint
[0;31m  ✖ [0m   • python-api-blueprint
[0;31m  ✖ [0m   • rust-api-blueprint
[0;31m  ✖ [0m   • springboot-kotlin-api-blueprint

[0;36m  ℹ [0m Full log: /Users/pedrodelgallego/projects/spec-driven/spec-vault/harnesses/publisher/logs/publish_20260407_232239.log

