
[1m╔══════════════════════════════════════════════════════╗[0m
[1m║           SpecHub Batch Publisher                    ║[0m
[1m╚══════════════════════════════════════════════════════╝[0m

[0;36m  ℹ [0m Root      : /Users/pedrodelgallego/projects/spec-driven/spec-vault/harnesses
[0;36m  ℹ [0m Log file  : /Users/pedrodelgallego/projects/spec-driven/spec-vault/harnesses/publisher/logs/publish_20260407_211718.log

[0;36m  ℹ [0m Found 14 spec(s) to process

[2m────────────────────────────────────────────────────────[0m
[1m  api-logging[0m
  [2m/Users/pedrodelgallego/projects/spec-driven/spec-vault/harnesses/api-logging[0m

[0;36m  ℹ [0m Pushing ...
spechub v0.0.1
Pushed pedro-delgallego/api-logging:0.0.2 (sha256:34027b85879c1fdcf3ad96bcf3c153d506b6ed1390eebbc5c49b4334bd2dc9ce)
Changelog: attached
[0;32m  ✔ [0m api-logging: pushed successfully
       [2mPushed pedro-delgallego/api-logging:0.0.2 (sha256:34027b85879c1fdcf3ad96bcf3c153d506b6ed1390eebbc5c49b4334bd2dc9ce)[0m
       [2mChangelog: attached[0m

[2m────────────────────────────────────────────────────────[0m
[1m  api-rest-design[0m
  [2m/Users/pedrodelgallego/projects/spec-driven/spec-vault/harnesses/api-rest-design[0m

[0;36m  ℹ [0m Pushing ...
spechub v0.0.1
Pushed pedro-delgallego/api-rest-design:0.0.2 (sha256:3c5764867ad099a9fc8441719caa94a361353d47720134d3def77e4d1e3e7084)
Changelog: attached
[0;32m  ✔ [0m api-rest-design: pushed successfully
       [2mPushed pedro-delgallego/api-rest-design:0.0.2 (sha256:3c5764867ad099a9fc8441719caa94a361353d47720134d3def77e4d1e3e7084)[0m
       [2mChangelog: attached[0m

[2m────────────────────────────────────────────────────────[0m
[1m  api-rest-resilience[0m
  [2m/Users/pedrodelgallego/projects/spec-driven/spec-vault/harnesses/api-rest-resilience[0m

[0;36m  ℹ [0m Pushing ...
spechub v0.0.1
Pushed pedro-delgallego/api-rest-resilience:0.0.2 (sha256:888231d16de60bf7900f584683b4f5fa79781f3ef71f5ed64cdc29d4eb213d79)
Changelog: attached
[0;32m  ✔ [0m api-rest-resilience: pushed successfully
       [2mPushed pedro-delgallego/api-rest-resilience:0.0.2 (sha256:888231d16de60bf7900f584683b4f5fa79781f3ef71f5ed64cdc29d4eb213d79)[0m
       [2mChangelog: attached[0m

[2m────────────────────────────────────────────────────────[0m
[1m  api-security[0m
  [2m/Users/pedrodelgallego/projects/spec-driven/spec-vault/harnesses/api-security[0m

[0;36m  ℹ [0m Pushing ...
spechub v0.0.1
Pushed pedro-delgallego/api-security:0.0.2 (sha256:294e7d8394fd21021f4735b9f9d1be87f22d7fc34e2ef895343265b63a42777a)
Changelog: attached
[0;32m  ✔ [0m api-security: pushed successfully
       [2mPushed pedro-delgallego/api-security:0.0.2 (sha256:294e7d8394fd21021f4735b9f9d1be87f22d7fc34e2ef895343265b63a42777a)[0m
       [2mChangelog: attached[0m

[2m────────────────────────────────────────────────────────[0m
[1m  api-security-headers[0m
  [2m/Users/pedrodelgallego/projects/spec-driven/spec-vault/harnesses/api-security-headers[0m

[0;36m  ℹ [0m Pushing ...
spechub v0.0.1
Pushed pedro-delgallego/api-security-headers:0.0.2 (sha256:550f1494e76b1e280375fa6b67c280cf13456971313aa710a2cd464b63c18d50)
Changelog: attached
[0;32m  ✔ [0m api-security-headers: pushed successfully
       [2mPushed pedro-delgallego/api-security-headers:0.0.2 (sha256:550f1494e76b1e280375fa6b67c280cf13456971313aa710a2cd464b63c18d50)[0m
       [2mChangelog: attached[0m

[2m────────────────────────────────────────────────────────[0m
[1m  api-telemetry[0m
  [2m/Users/pedrodelgallego/projects/spec-driven/spec-vault/harnesses/api-telemetry[0m

[0;36m  ℹ [0m Pushing ...
spechub v0.0.1
Pushed pedro-delgallego/api-telemetry:0.0.2 (sha256:c73df694faf8617ed66fb71cccee19f780af6ea88b8889a86fea821f23ddeab6)
Changelog: attached
[0;32m  ✔ [0m api-telemetry: pushed successfully
       [2mPushed pedro-delgallego/api-telemetry:0.0.2 (sha256:c73df694faf8617ed66fb71cccee19f780af6ea88b8889a86fea821f23ddeab6)[0m
       [2mChangelog: attached[0m

[2m────────────────────────────────────────────────────────[0m
[1m  api-testing[0m
  [2m/Users/pedrodelgallego/projects/spec-driven/spec-vault/harnesses/api-testing[0m

[0;36m  ℹ [0m Pushing ...
spechub v0.0.1
Pushed pedro-delgallego/api-testing:0.0.2 (sha256:817da514da226b7b0558574def8d53a1c8b79f05a2bc54c75d0f96c39860f025)
Changelog: attached
[0;32m  ✔ [0m api-testing: pushed successfully
       [2mPushed pedro-delgallego/api-testing:0.0.2 (sha256:817da514da226b7b0558574def8d53a1c8b79f05a2bc54c75d0f96c39860f025)[0m
       [2mChangelog: attached[0m

[2m────────────────────────────────────────────────────────[0m
[1m  api-versioning[0m
  [2m/Users/pedrodelgallego/projects/spec-driven/spec-vault/harnesses/api-versioning[0m

[0;36m  ℹ [0m Pushing ...
spechub v0.0.1
Pushed pedro-delgallego/api-versioning:0.0.2 (sha256:11728f82c4ad10432bdb770972ea56a96b88d5372fcb1cae83ae5e34cabc2b72)
Changelog: attached
[0;32m  ✔ [0m api-versioning: pushed successfully
       [2mPushed pedro-delgallego/api-versioning:0.0.2 (sha256:11728f82c4ad10432bdb770972ea56a96b88d5372fcb1cae83ae5e34cabc2b72)[0m
       [2mChangelog: attached[0m

[2m────────────────────────────────────────────────────────[0m
[1m  fastify-api-blueprint[0m
  [2m/Users/pedrodelgallego/projects/spec-driven/spec-vault/harnesses/fastify-api-blueprint[0m

[0;36m  ℹ [0m Pushing ...
spechub v0.0.1
Pushed pedro-delgallego/fastify-api-blueprint:0.0.2 (sha256:8ee84b32d4c9e13f4440d574881d36e81d86d851404d4a641738e8691050266e)
Changelog: attached
[0;32m  ✔ [0m fastify-api-blueprint: pushed successfully
       [2mPushed pedro-delgallego/fastify-api-blueprint:0.0.2 (sha256:8ee84b32d4c9e13f4440d574881d36e81d86d851404d4a641738e8691050266e)[0m
       [2mChangelog: attached[0m

[2m────────────────────────────────────────────────────────[0m
[1m  go-api-blueprint[0m
  [2m/Users/pedrodelgallego/projects/spec-driven/spec-vault/harnesses/go-api-blueprint[0m

[0;36m  ℹ [0m Pushing ...
spechub v0.0.1
Pushed pedro-delgallego/go-api-blueprint:0.0.2 (sha256:0cdfb7a541c068daaf860a97110a6d9cb37a2bb2fbfd641e2aa6677322833b13)
Changelog: attached
[0;32m  ✔ [0m go-api-blueprint: pushed successfully
       [2mPushed pedro-delgallego/go-api-blueprint:0.0.2 (sha256:0cdfb7a541c068daaf860a97110a6d9cb37a2bb2fbfd641e2aa6677322833b13)[0m
       [2mChangelog: attached[0m

[2m────────────────────────────────────────────────────────[0m
[1m  kotlin-api-blueprint[0m
  [2m/Users/pedrodelgallego/projects/spec-driven/spec-vault/harnesses/kotlin-api-blueprint[0m

[0;36m  ℹ [0m Pushing ...
spechub v0.0.1
Pushed pedro-delgallego/kotlin-api-blueprint:0.0.2 (sha256:ddb6e69a4809931b199f239fdfc21ad94e6e5fd7bdfcd235e6a9c59d59560562)
Changelog: attached
[0;32m  ✔ [0m kotlin-api-blueprint: pushed successfully
       [2mPushed pedro-delgallego/kotlin-api-blueprint:0.0.2 (sha256:ddb6e69a4809931b199f239fdfc21ad94e6e5fd7bdfcd235e6a9c59d59560562)[0m
       [2mChangelog: attached[0m

[2m────────────────────────────────────────────────────────[0m
[1m  python-api-blueprint[0m
  [2m/Users/pedrodelgallego/projects/spec-driven/spec-vault/harnesses/python-api-blueprint[0m

[0;36m  ℹ [0m Pushing ...
spechub v0.0.1
Pushed pedro-delgallego/python-api-blueprint:0.0.2 (sha256:e83184478b38184aea217c2fa0a92029befe41f632046073491a96f49352520b)
Changelog: attached
[0;32m  ✔ [0m python-api-blueprint: pushed successfully
       [2mPushed pedro-delgallego/python-api-blueprint:0.0.2 (sha256:e83184478b38184aea217c2fa0a92029befe41f632046073491a96f49352520b)[0m
       [2mChangelog: attached[0m

[2m────────────────────────────────────────────────────────[0m
[1m  rust-api-blueprint[0m
  [2m/Users/pedrodelgallego/projects/spec-driven/spec-vault/harnesses/rust-api-blueprint[0m

[0;36m  ℹ [0m Pushing ...
spechub v0.0.1
Pushed pedro-delgallego/rust-api-blueprint:0.0.2 (sha256:a92ab8ffce359561777378292654dc29858deeb2877aebf15f8a9538afef07c2)
Changelog: attached
[0;32m  ✔ [0m rust-api-blueprint: pushed successfully
       [2mPushed pedro-delgallego/rust-api-blueprint:0.0.2 (sha256:a92ab8ffce359561777378292654dc29858deeb2877aebf15f8a9538afef07c2)[0m
       [2mChangelog: attached[0m

[2m────────────────────────────────────────────────────────[0m
[1m  springboot-kotlin-api-blueprint[0m
  [2m/Users/pedrodelgallego/projects/spec-driven/spec-vault/harnesses/springboot-kotlin-api-blueprint[0m

[0;36m  ℹ [0m Pushing ...
spechub v0.0.1
Pushed pedro-delgallego/springboot-kotlin-api-blueprint:0.0.2 (sha256:118b85980c5c469680c16c47a5fe21852714d4be7094942b22754efbbfb1da50)
Changelog: attached
[0;32m  ✔ [0m springboot-kotlin-api-blueprint: pushed successfully
       [2mPushed pedro-delgallego/springboot-kotlin-api-blueprint:0.0.2 (sha256:118b85980c5c469680c16c47a5fe21852714d4be7094942b22754efbbfb1da50)[0m
       [2mChangelog: attached[0m

[2m────────────────────────────────────────────────────────[0m

[1m  Summary[0m

[0;32m  ✔ [0m Passed : 14

[0;36m  ℹ [0m Full log: /Users/pedrodelgallego/projects/spec-driven/spec-vault/harnesses/publisher/logs/publish_20260407_211718.log

