
[1m╔══════════════════════════════════════════════════════╗[0m
[1m║           SpecHub Batch Publisher                    ║[0m
[1m╚══════════════════════════════════════════════════════╝[0m

[0;36m  ℹ [0m Root      : /Users/pedrodelgallego/projects/spec-driven/spec-vault/harnesses
[0;36m  ℹ [0m Log file  : /Users/pedrodelgallego/projects/spec-driven/spec-vault/harnesses/publisher/logs/publish_20260407_204946.log

[0;36m  ℹ [0m Found 14 spec(s) to process

[2m────────────────────────────────────────────────────────[0m
[1m  api-logging[0m
  [2m/Users/pedrodelgallego/projects/spec-driven/spec-vault/harnesses/api-logging[0m

[0;36m  ℹ [0m Pushing ...
spechub v0.0.1
Error: Usage: spechub push <org/name:tag> <path> [INVALID_INPUT]
[0;31m  ✖ [0m api-logging: push FAILED (exit 1)
[0;31m  ✖ [0m        Error: Usage: spechub push <org/name:tag> <path> [INVALID_INPUT]
[0;36m  ℹ [0m Full output: /Users/pedrodelgallego/projects/spec-driven/spec-vault/harnesses/publisher/logs/api-logging_20260407_204946.log

[2m────────────────────────────────────────────────────────[0m
[1m  api-rest-design[0m
  [2m/Users/pedrodelgallego/projects/spec-driven/spec-vault/harnesses/api-rest-design[0m

[0;36m  ℹ [0m Pushing ...
spechub v0.0.1
Error: Usage: spechub push <org/name:tag> <path> [INVALID_INPUT]
[0;31m  ✖ [0m api-rest-design: push FAILED (exit 1)
[0;31m  ✖ [0m        Error: Usage: spechub push <org/name:tag> <path> [INVALID_INPUT]
[0;36m  ℹ [0m Full output: /Users/pedrodelgallego/projects/spec-driven/spec-vault/harnesses/publisher/logs/api-rest-design_20260407_204946.log

[2m────────────────────────────────────────────────────────[0m
[1m  api-rest-resilience[0m
  [2m/Users/pedrodelgallego/projects/spec-driven/spec-vault/harnesses/api-rest-resilience[0m

[0;36m  ℹ [0m Pushing ...
spechub v0.0.1
Error: Usage: spechub push <org/name:tag> <path> [INVALID_INPUT]
[0;31m  ✖ [0m api-rest-resilience: push FAILED (exit 1)
[0;31m  ✖ [0m        Error: Usage: spechub push <org/name:tag> <path> [INVALID_INPUT]
[0;36m  ℹ [0m Full output: /Users/pedrodelgallego/projects/spec-driven/spec-vault/harnesses/publisher/logs/api-rest-resilience_20260407_204946.log

[2m────────────────────────────────────────────────────────[0m
[1m  api-security[0m
  [2m/Users/pedrodelgallego/projects/spec-driven/spec-vault/harnesses/api-security[0m

[0;36m  ℹ [0m Pushing ...
spechub v0.0.1
Error: Usage: spechub push <org/name:tag> <path> [INVALID_INPUT]
[0;31m  ✖ [0m api-security: push FAILED (exit 1)
[0;31m  ✖ [0m        Error: Usage: spechub push <org/name:tag> <path> [INVALID_INPUT]
[0;36m  ℹ [0m Full output: /Users/pedrodelgallego/projects/spec-driven/spec-vault/harnesses/publisher/logs/api-security_20260407_204946.log

[2m────────────────────────────────────────────────────────[0m
[1m  api-security-headers[0m
  [2m/Users/pedrodelgallego/projects/spec-driven/spec-vault/harnesses/api-security-headers[0m

[0;36m  ℹ [0m Pushing ...
spechub v0.0.1
Error: Usage: spechub push <org/name:tag> <path> [INVALID_INPUT]
[0;31m  ✖ [0m api-security-headers: push FAILED (exit 1)
[0;31m  ✖ [0m        Error: Usage: spechub push <org/name:tag> <path> [INVALID_INPUT]
[0;36m  ℹ [0m Full output: /Users/pedrodelgallego/projects/spec-driven/spec-vault/harnesses/publisher/logs/api-security-headers_20260407_204946.log

[2m────────────────────────────────────────────────────────[0m
[1m  api-telemetry[0m
  [2m/Users/pedrodelgallego/projects/spec-driven/spec-vault/harnesses/api-telemetry[0m

[0;36m  ℹ [0m Pushing ...
spechub v0.0.1
Error: Usage: spechub push <org/name:tag> <path> [INVALID_INPUT]
[0;31m  ✖ [0m api-telemetry: push FAILED (exit 1)
[0;31m  ✖ [0m        Error: Usage: spechub push <org/name:tag> <path> [INVALID_INPUT]
[0;36m  ℹ [0m Full output: /Users/pedrodelgallego/projects/spec-driven/spec-vault/harnesses/publisher/logs/api-telemetry_20260407_204946.log

[2m────────────────────────────────────────────────────────[0m
[1m  api-testing[0m
  [2m/Users/pedrodelgallego/projects/spec-driven/spec-vault/harnesses/api-testing[0m

[0;36m  ℹ [0m Pushing ...
spechub v0.0.1
Error: Usage: spechub push <org/name:tag> <path> [INVALID_INPUT]
[0;31m  ✖ [0m api-testing: push FAILED (exit 1)
[0;31m  ✖ [0m        Error: Usage: spechub push <org/name:tag> <path> [INVALID_INPUT]
[0;36m  ℹ [0m Full output: /Users/pedrodelgallego/projects/spec-driven/spec-vault/harnesses/publisher/logs/api-testing_20260407_204946.log

[2m────────────────────────────────────────────────────────[0m
[1m  api-versioning[0m
  [2m/Users/pedrodelgallego/projects/spec-driven/spec-vault/harnesses/api-versioning[0m

[0;36m  ℹ [0m Pushing ...
spechub v0.0.1
Error: Usage: spechub push <org/name:tag> <path> [INVALID_INPUT]
[0;31m  ✖ [0m api-versioning: push FAILED (exit 1)
[0;31m  ✖ [0m        Error: Usage: spechub push <org/name:tag> <path> [INVALID_INPUT]
[0;36m  ℹ [0m Full output: /Users/pedrodelgallego/projects/spec-driven/spec-vault/harnesses/publisher/logs/api-versioning_20260407_204946.log

[2m────────────────────────────────────────────────────────[0m
[1m  fastify-api-blueprint[0m
  [2m/Users/pedrodelgallego/projects/spec-driven/spec-vault/harnesses/fastify-api-blueprint[0m

[0;36m  ℹ [0m Pushing ...
spechub v0.0.1
Error: Usage: spechub push <org/name:tag> <path> [INVALID_INPUT]
[0;31m  ✖ [0m fastify-api-blueprint: push FAILED (exit 1)
[0;31m  ✖ [0m        Error: Usage: spechub push <org/name:tag> <path> [INVALID_INPUT]
[0;36m  ℹ [0m Full output: /Users/pedrodelgallego/projects/spec-driven/spec-vault/harnesses/publisher/logs/fastify-api-blueprint_20260407_204946.log

[2m────────────────────────────────────────────────────────[0m
[1m  go-api-blueprint[0m
  [2m/Users/pedrodelgallego/projects/spec-driven/spec-vault/harnesses/go-api-blueprint[0m

[0;36m  ℹ [0m Pushing ...
